
=== Sat Feb  4 20:47:18 2023

Packages were changed.
Update Mode: mergeDefaultDependencies

The following packages were added:
  com.unity.collab-proxy@1.17.7
  com.unity.ide.rider@3.0.17
  com.unity.ide.visualstudio@2.0.17
  com.unity.ide.vscode@1.2.5
  com.unity.modules.ai@1.0.0
  com.unity.modules.androidjni@1.0.0
  com.unity.modules.animation@1.0.0
  com.unity.modules.assetbundle@1.0.0
  com.unity.modules.audio@1.0.0
  com.unity.modules.cloth@1.0.0
  com.unity.modules.director@1.0.0
  com.unity.modules.imageconversion@1.0.0
  com.unity.modules.imgui@1.0.0
  com.unity.modules.jsonserialize@1.0.0
  com.unity.modules.particlesystem@1.0.0
  com.unity.modules.physics@1.0.0
  com.unity.modules.physics2d@1.0.0
  com.unity.modules.screencapture@1.0.0
  com.unity.modules.terrain@1.0.0
  com.unity.modules.terrainphysics@1.0.0
  com.unity.modules.tilemap@1.0.0
  com.unity.modules.ui@1.0.0
  com.unity.modules.uielements@1.0.0
  com.unity.modules.umbra@1.0.0
  com.unity.modules.unityanalytics@1.0.0
  com.unity.modules.unitywebrequest@1.0.0
  com.unity.modules.unitywebrequestassetbundle@1.0.0
  com.unity.modules.unitywebrequestaudio@1.0.0
  com.unity.modules.unitywebrequesttexture@1.0.0
  com.unity.modules.unitywebrequestwww@1.0.0
  com.unity.modules.vehicles@1.0.0
  com.unity.modules.video@1.0.0
  com.unity.modules.vr@1.0.0
  com.unity.modules.wind@1.0.0
  com.unity.modules.xr@1.0.0
  com.unity.test-framework@1.1.33
  com.unity.textmeshpro@3.0.6
  com.unity.timeline@1.4.8
  com.unity.ugui@1.0.0
The following packages were updated:
  com.unity.2d.animation from version 5.0.10 to 5.2.6
  com.unity.2d.psdimporter from version 4.1.3 to 4.3.1
  com.unity.2d.spriteshape from version 5.1.7 to 5.3.0

=== Fri Apr 14 20:06:54 2023

Packages were changed.
Update Mode: updateDependencies

The following packages were updated:
  com.unity.2d.animation from version 5.2.6 to 7.0.10
  com.unity.2d.pixel-perfect from version 4.0.1 to 5.0.3
  com.unity.2d.psdimporter from version 4.3.1 to 6.0.7
  com.unity.2d.spriteshape from version 5.3.0 to 7.0.7
  com.unity.cinemachine from version 2.6.17 to 2.8.9
  com.unity.collab-proxy from version 1.17.7 to 2.0.1
  com.unity.ide.rider from version 3.0.17 to 3.0.18
  com.unity.inputsystem from version 1.4.4 to 1.5.0
  com.unity.render-pipelines.universal from version 10.10.1 to 12.1.10
  com.unity.timeline from version 1.4.8 to 1.6.4

=== Thu Mar 14 20:56:13 2024

Packages were changed.
Update Mode: updateDependencies

The following packages were added:
  com.unity.ai.navigation@2.0.0
  com.unity.modules.accessibility@1.0.0
The following packages were updated:
  com.unity.2d.animation from version 7.0.10 to 10.1.0
  com.unity.2d.psdimporter from version 6.0.7 to 9.0.1
  com.unity.2d.spriteshape from version 7.0.7 to 10.0.2
  com.unity.cinemachine from version 2.8.9 to 2.9.5
  com.unity.collab-proxy from version 2.0.1 to 2.2.0
  com.unity.ide.rider from version 3.0.18 to 3.0.27
  com.unity.ide.visualstudio from version 2.0.17 to 2.0.22
  com.unity.inputsystem from version 1.5.1 to 1.7.0
  com.unity.render-pipelines.universal from version 12.1.10 to 16.0.5
  com.unity.test-framework from version 1.1.33 to 1.3.9
  com.unity.timeline from version 1.6.4 to 1.8.6
  com.unity.ugui from version 1.0.0 to 2.0.0
The following packages were removed:
  com.unity.textmeshpro@3.0.6

=== Mon Apr 15 12:10:02 2024

Packages were changed.
Update Mode: updateDependencies

The following packages were updated:
  com.unity.collab-proxy from version 2.2.0 to 2.3.1
  com.unity.ide.rider from version 3.0.27 to 3.0.28
